<?xml version="1.0" encoding="UTF-8"?>
<testsuites name="jest tests" tests="4" failures="3" errors="0" time="5.678">
  <testsuite name="AuthLogin" errors="0" failures="3" skipped="0" timestamp="2025-07-02T23:49:04" time="4.537" tests="4">
    <testcase classname="AuthLogin renders email and password fields" name="AuthLogin renders email and password fields" time="0.167">
      <failure>TestingLibraryElementError: Found a label with the text of: /email/i, however no form control was found associated to that label. Make sure you&apos;re using the &quot;for&quot; attribute or &quot;aria-labelledby&quot; attribute correctly.

Ignored nodes: comments, script, style
&lt;body&gt;
  &lt;div&gt;
    &lt;form
      autocomplete=&quot;off&quot;
    &gt;
      &lt;div
        class=&quot;MuiGrid-root MuiGrid-container MuiGrid-direction-xs-row css-126w6e3-MuiGrid-root&quot;
      &gt;
        &lt;div
          class=&quot;MuiGrid-root MuiGrid-direction-xs-row MuiGrid-grid-xs-12 css-yqiqnf-MuiGrid-root&quot;
        &gt;
          &lt;label
            class=&quot;MuiFormLabel-root MuiInputLabel-root MuiInputLabel-animated MuiFormLabel-colorPrimary MuiInputLabel-root MuiInputLabel-animated css-1tkmop-MuiFormLabel-root-MuiInputLabel-root&quot;
          &gt;
            Email
          &lt;/label&gt;
          &lt;div
            class=&quot;MuiInputBase-root MuiOutlinedInput-root MuiInputBase-colorPrimary MuiInputBase-fullWidth css-1blp12k-MuiInputBase-root-MuiOutlinedInput-root&quot;
          &gt;
            &lt;input
              aria-invalid=&quot;false&quot;
              class=&quot;MuiInputBase-input MuiOutlinedInput-input css-16wblaj-MuiInputBase-input-MuiOutlinedInput-input&quot;
              name=&quot;email&quot;
              placeholder=&quot;example@saasable.io&quot;
              type=&quot;text&quot;
            /&gt;
            &lt;fieldset
              aria-hidden=&quot;true&quot;
              class=&quot;MuiOutlinedInput-notchedOutline css-1ll44ll-MuiOutlinedInput-notchedOutline&quot;
            &gt;
              &lt;legend
                class=&quot;css-w4cd9x&quot;
              &gt;
                &lt;span
                  aria-hidden=&quot;true&quot;
                  class=&quot;notranslate&quot;
                &gt;
                  ​
                &lt;/span&gt;
              &lt;/legend&gt;
            &lt;/fieldset&gt;
          &lt;/div&gt;
        &lt;/div&gt;
        &lt;div
          class=&quot;MuiGrid-root MuiGrid-direction-xs-row MuiGrid-grid-xs-12 css-yqiqnf-MuiGrid-root&quot;
        &gt;
          &lt;label
            class=&quot;MuiFormLabel-root MuiInputLabel-root MuiInputLabel-animated MuiFormLabel-colorPrimary MuiInputLabel-root MuiInputLabel-animated css-1tkmop-MuiFormLabel-root-MuiInputLabel-root&quot;
          &gt;
            Password
          &lt;/label&gt;
          &lt;div
            class=&quot;MuiInputBase-root MuiOutlinedInput-root MuiInputBase-colorPrimary MuiInputBase-fullWidth MuiInputBase-adornedEnd css-1n04w30-MuiInputBase-root-MuiOutlinedInput-root&quot;
          &gt;
            &lt;input
              aria-invalid=&quot;false&quot;
              class=&quot;MuiInputBase-input MuiOutlinedInput-input MuiInputBase-inputAdornedEnd css-1dune0f-MuiInputBase-input-MuiOutlinedInput-input&quot;
              name=&quot;password&quot;
              placeholder=&quot;Enter password&quot;
              type=&quot;password&quot;
            /&gt;
            &lt;div
              class=&quot;MuiInputAdornment-root MuiInputAdornment-positionEnd css-1sat79r-MuiInputAdornment-root&quot;
            &gt;
              &lt;svg
                class=&quot;tabler-icon tabler-icon-eye-off &quot;
                fill=&quot;none&quot;
                height=&quot;16&quot;
                stroke=&quot;#616161&quot;
                stroke-linecap=&quot;round&quot;
                stroke-linejoin=&quot;round&quot;
                stroke-width=&quot;2&quot;
                viewBox=&quot;0 0 24 24&quot;
                width=&quot;16&quot;
                xmlns=&quot;http://www.w3.org/2000/svg&quot;
              &gt;
                &lt;path
                  d=&quot;M10.585 10.587a2 2 0 0 0 2.829 2.828&quot;
                /&gt;
                &lt;path
                  d=&quot;M16.681 16.673a8.717 8.717 0 0 1 -4.681 1.327c-3.6 0 -6.6 -2 -9 -6c1.272 -2.12 2.712 -3.678 4.32 -4.674m2.86 -1.146a9.055 9.055 0 0 1 1.82 -.18c3.6 0 6.6 2 9 6c-.666 1.11 -1.379 2.067 -2.138 2.87&quot;
                /&gt;
                &lt;path
                  d=&quot;M3 3l18 18&quot;
                /&gt;
              &lt;/svg&gt;
            &lt;/div&gt;
            &lt;fieldset
              aria-hidden=&quot;true&quot;
              class=&quot;MuiOutlinedInput-notchedOutline css-1ll44ll-MuiOutlinedInput-notchedOutline&quot;
            &gt;
              &lt;legend
                class=&quot;css-w4cd9x&quot;
              &gt;
                &lt;span
                  aria-hidden=&quot;true&quot;
                  class=&quot;notranslate&quot;
                &gt;
                  ​
                &lt;/span&gt;
              &lt;/legend&gt;
            &lt;/fieldset&gt;
          &lt;/div&gt;
        &lt;/div&gt;
      &lt;/div&gt;
      &lt;div
        class=&quot;MuiGrid-root MuiGrid-container MuiGrid-direction-xs-row css-plcjlh-MuiGrid-root&quot;
      &gt;
        &lt;div
          class=&quot;MuiGrid-root MuiGrid-direction-xs-row MuiGrid-grid-xs-12 css-yqiqnf-MuiGrid-root&quot;
        &gt;
          &lt;button
            class=&quot;MuiButtonBase-root MuiButton-root MuiButton-contained MuiButton-containedPrimary MuiButton-sizeMedium MuiButton-containedSizeMedium MuiButton-colorPrimary MuiButton-root MuiButton-contained MuiButton-containedPrimary MuiButton-sizeMedium MuiButton-containedSizeMedium MuiButton-colorPrimary css-1623cn5-MuiButtonBase-root-MuiButton-root&quot;
            tabindex=&quot;0&quot;
            type=&quot;submit&quot;
          &gt;
            Login
          &lt;/button&gt;
        &lt;/div&gt;
      &lt;/div&gt;
    &lt;/form&gt;
  &lt;/div&gt;
&lt;/body&gt;
    at Object.getElementError (D:\end-iter1\pharmaceutical-distribution-warehouse\client\node_modules\@testing-library\dom\dist\config.js:37:19)
    at getAllByLabelText (D:\end-iter1\pharmaceutical-distribution-warehouse\client\node_modules\@testing-library\dom\dist\queries\label-text.js:108:40)
    at D:\end-iter1\pharmaceutical-distribution-warehouse\client\node_modules\@testing-library\dom\dist\query-helpers.js:52:17
    at D:\end-iter1\pharmaceutical-distribution-warehouse\client\node_modules\@testing-library\dom\dist\query-helpers.js:95:19
    at Object.getByLabelText (D:\end-iter1\pharmaceutical-distribution-warehouse\client\src\sections\auth\AuthLogin.test.js:32:19)
    at Promise.then.completed (D:\end-iter1\pharmaceutical-distribution-warehouse\client\node_modules\jest-circus\build\utils.js:298:28)
    at new Promise (&lt;anonymous&gt;)
    at callAsyncCircusFn (D:\end-iter1\pharmaceutical-distribution-warehouse\client\node_modules\jest-circus\build\utils.js:231:10)
    at _callCircusTest (D:\end-iter1\pharmaceutical-distribution-warehouse\client\node_modules\jest-circus\build\run.js:316:40)
    at processTicksAndRejections (node:internal/process/task_queues:105:5)
    at _runTest (D:\end-iter1\pharmaceutical-distribution-warehouse\client\node_modules\jest-circus\build\run.js:252:3)
    at _runTestsForDescribeBlock (D:\end-iter1\pharmaceutical-distribution-warehouse\client\node_modules\jest-circus\build\run.js:126:9)
    at _runTestsForDescribeBlock (D:\end-iter1\pharmaceutical-distribution-warehouse\client\node_modules\jest-circus\build\run.js:121:9)
    at run (D:\end-iter1\pharmaceutical-distribution-warehouse\client\node_modules\jest-circus\build\run.js:71:3)
    at runAndTransformResultsToJestFormat (D:\end-iter1\pharmaceutical-distribution-warehouse\client\node_modules\jest-circus\build\legacy-code-todo-rewrite\jestAdapterInit.js:122:21)
    at jestAdapter (D:\end-iter1\pharmaceutical-distribution-warehouse\client\node_modules\jest-circus\build\legacy-code-todo-rewrite\jestAdapter.js:79:19)
    at runTestInternal (D:\end-iter1\pharmaceutical-distribution-warehouse\client\node_modules\jest-runner\build\runTest.js:367:16)
    at runTest (D:\end-iter1\pharmaceutical-distribution-warehouse\client\node_modules\jest-runner\build\runTest.js:444:34)</failure>
    </testcase>
    <testcase classname="AuthLogin shows validation errors when fields are empty and submit is clicked" name="AuthLogin shows validation errors when fields are empty and submit is clicked" time="0.266">
    </testcase>
    <testcase classname="AuthLogin calls login and redirects on successful login" name="AuthLogin calls login and redirects on successful login" time="0.042">
      <failure>TestingLibraryElementError: Found a label with the text of: /email/i, however no form control was found associated to that label. Make sure you&apos;re using the &quot;for&quot; attribute or &quot;aria-labelledby&quot; attribute correctly.

Ignored nodes: comments, script, style
&lt;body&gt;
  &lt;div&gt;
    &lt;form
      autocomplete=&quot;off&quot;
    &gt;
      &lt;div
        class=&quot;MuiGrid-root MuiGrid-container MuiGrid-direction-xs-row css-126w6e3-MuiGrid-root&quot;
      &gt;
        &lt;div
          class=&quot;MuiGrid-root MuiGrid-direction-xs-row MuiGrid-grid-xs-12 css-yqiqnf-MuiGrid-root&quot;
        &gt;
          &lt;label
            class=&quot;MuiFormLabel-root MuiInputLabel-root MuiInputLabel-animated MuiFormLabel-colorPrimary MuiInputLabel-root MuiInputLabel-animated css-1tkmop-MuiFormLabel-root-MuiInputLabel-root&quot;
          &gt;
            Email
          &lt;/label&gt;
          &lt;div
            class=&quot;MuiInputBase-root MuiOutlinedInput-root MuiInputBase-colorPrimary MuiInputBase-fullWidth css-1blp12k-MuiInputBase-root-MuiOutlinedInput-root&quot;
          &gt;
            &lt;input
              aria-invalid=&quot;false&quot;
              class=&quot;MuiInputBase-input MuiOutlinedInput-input css-16wblaj-MuiInputBase-input-MuiOutlinedInput-input&quot;
              name=&quot;email&quot;
              placeholder=&quot;example@saasable.io&quot;
              type=&quot;text&quot;
            /&gt;
            &lt;fieldset
              aria-hidden=&quot;true&quot;
              class=&quot;MuiOutlinedInput-notchedOutline css-1ll44ll-MuiOutlinedInput-notchedOutline&quot;
            &gt;
              &lt;legend
                class=&quot;css-w4cd9x&quot;
              &gt;
                &lt;span
                  aria-hidden=&quot;true&quot;
                  class=&quot;notranslate&quot;
                &gt;
                  ​
                &lt;/span&gt;
              &lt;/legend&gt;
            &lt;/fieldset&gt;
          &lt;/div&gt;
        &lt;/div&gt;
        &lt;div
          class=&quot;MuiGrid-root MuiGrid-direction-xs-row MuiGrid-grid-xs-12 css-yqiqnf-MuiGrid-root&quot;
        &gt;
          &lt;label
            class=&quot;MuiFormLabel-root MuiInputLabel-root MuiInputLabel-animated MuiFormLabel-colorPrimary MuiInputLabel-root MuiInputLabel-animated css-1tkmop-MuiFormLabel-root-MuiInputLabel-root&quot;
          &gt;
            Password
          &lt;/label&gt;
          &lt;div
            class=&quot;MuiInputBase-root MuiOutlinedInput-root MuiInputBase-colorPrimary MuiInputBase-fullWidth MuiInputBase-adornedEnd css-1n04w30-MuiInputBase-root-MuiOutlinedInput-root&quot;
          &gt;
            &lt;input
              aria-invalid=&quot;false&quot;
              class=&quot;MuiInputBase-input MuiOutlinedInput-input MuiInputBase-inputAdornedEnd css-1dune0f-MuiInputBase-input-MuiOutlinedInput-input&quot;
              name=&quot;password&quot;
              placeholder=&quot;Enter password&quot;
              type=&quot;password&quot;
            /&gt;
            &lt;div
              class=&quot;MuiInputAdornment-root MuiInputAdornment-positionEnd css-1sat79r-MuiInputAdornment-root&quot;
            &gt;
              &lt;svg
                class=&quot;tabler-icon tabler-icon-eye-off &quot;
                fill=&quot;none&quot;
                height=&quot;16&quot;
                stroke=&quot;#616161&quot;
                stroke-linecap=&quot;round&quot;
                stroke-linejoin=&quot;round&quot;
                stroke-width=&quot;2&quot;
                viewBox=&quot;0 0 24 24&quot;
                width=&quot;16&quot;
                xmlns=&quot;http://www.w3.org/2000/svg&quot;
              &gt;
                &lt;path
                  d=&quot;M10.585 10.587a2 2 0 0 0 2.829 2.828&quot;
                /&gt;
                &lt;path
                  d=&quot;M16.681 16.673a8.717 8.717 0 0 1 -4.681 1.327c-3.6 0 -6.6 -2 -9 -6c1.272 -2.12 2.712 -3.678 4.32 -4.674m2.86 -1.146a9.055 9.055 0 0 1 1.82 -.18c3.6 0 6.6 2 9 6c-.666 1.11 -1.379 2.067 -2.138 2.87&quot;
                /&gt;
                &lt;path
                  d=&quot;M3 3l18 18&quot;
                /&gt;
              &lt;/svg&gt;
            &lt;/div&gt;
            &lt;fieldset
              aria-hidden=&quot;true&quot;
              class=&quot;MuiOutlinedInput-notchedOutline css-1ll44ll-MuiOutlinedInput-notchedOutline&quot;
            &gt;
              &lt;legend
                class=&quot;css-w4cd9x&quot;
              &gt;
                &lt;span
                  aria-hidden=&quot;true&quot;
                  class=&quot;notranslate&quot;
                &gt;
                  ​
                &lt;/span&gt;
              &lt;/legend&gt;
            &lt;/fieldset&gt;
          &lt;/div&gt;
        &lt;/div&gt;
      &lt;/div&gt;
      &lt;div
        class=&quot;MuiGrid-root MuiGrid-container MuiGrid-direction-xs-row css-plcjlh-MuiGrid-root&quot;
      &gt;
        &lt;div
          class=&quot;MuiGrid-root MuiGrid-direction-xs-row MuiGrid-grid-xs-12 css-yqiqnf-MuiGrid-root&quot;
        &gt;
          &lt;button
            class=&quot;MuiButtonBase-root MuiButton-root MuiButton-contained MuiButton-containedPrimary MuiButton-sizeMedium MuiButton-containedSizeMedium MuiButton-colorPrimary MuiButton-root MuiButton-contained MuiButton-containedPrimary MuiButton-sizeMedium MuiButton-containedSizeMedium MuiButton-colorPrimary css-1623cn5-MuiButtonBase-root-MuiButton-root&quot;
            tabindex=&quot;0&quot;
            type=&quot;submit&quot;
          &gt;
            Login
          &lt;/button&gt;
        &lt;/div&gt;
      &lt;/div&gt;
    &lt;/form&gt;
  &lt;/div&gt;
&lt;/body&gt;
    at Object.getElementError (D:\end-iter1\pharmaceutical-distribution-warehouse\client\node_modules\@testing-library\dom\dist\config.js:37:19)
    at getAllByLabelText (D:\end-iter1\pharmaceutical-distribution-warehouse\client\node_modules\@testing-library\dom\dist\queries\label-text.js:108:40)
    at D:\end-iter1\pharmaceutical-distribution-warehouse\client\node_modules\@testing-library\dom\dist\query-helpers.js:52:17
    at D:\end-iter1\pharmaceutical-distribution-warehouse\client\node_modules\@testing-library\dom\dist\query-helpers.js:95:19
    at getByLabelText (D:\end-iter1\pharmaceutical-distribution-warehouse\client\src\sections\auth\AuthLogin.test.js:52:33)
    at Generator.call (D:\end-iter1\pharmaceutical-distribution-warehouse\client\src\sections\auth\AuthLogin.test.js:2:1)
    at Generator._invoke [as next] (D:\end-iter1\pharmaceutical-distribution-warehouse\client\src\sections\auth\AuthLogin.test.js:2:1)
    at asyncGeneratorStep (D:\end-iter1\pharmaceutical-distribution-warehouse\client\src\sections\auth\AuthLogin.test.js:2:1)
    at asyncGeneratorStep (D:\end-iter1\pharmaceutical-distribution-warehouse\client\src\sections\auth\AuthLogin.test.js:2:1)
    at _next (D:\end-iter1\pharmaceutical-distribution-warehouse\client\src\sections\auth\AuthLogin.test.js:2:1)
    at new Promise (&lt;anonymous&gt;)
    at Object.&lt;anonymous&gt; (D:\end-iter1\pharmaceutical-distribution-warehouse\client\src\sections\auth\AuthLogin.test.js:2:1)
    at Promise.then.completed (D:\end-iter1\pharmaceutical-distribution-warehouse\client\node_modules\jest-circus\build\utils.js:298:28)
    at new Promise (&lt;anonymous&gt;)
    at callAsyncCircusFn (D:\end-iter1\pharmaceutical-distribution-warehouse\client\node_modules\jest-circus\build\utils.js:231:10)
    at _callCircusTest (D:\end-iter1\pharmaceutical-distribution-warehouse\client\node_modules\jest-circus\build\run.js:316:40)
    at _runTest (D:\end-iter1\pharmaceutical-distribution-warehouse\client\node_modules\jest-circus\build\run.js:252:3)
    at _runTestsForDescribeBlock (D:\end-iter1\pharmaceutical-distribution-warehouse\client\node_modules\jest-circus\build\run.js:126:9)
    at _runTestsForDescribeBlock (D:\end-iter1\pharmaceutical-distribution-warehouse\client\node_modules\jest-circus\build\run.js:121:9)
    at run (D:\end-iter1\pharmaceutical-distribution-warehouse\client\node_modules\jest-circus\build\run.js:71:3)
    at runAndTransformResultsToJestFormat (D:\end-iter1\pharmaceutical-distribution-warehouse\client\node_modules\jest-circus\build\legacy-code-todo-rewrite\jestAdapterInit.js:122:21)
    at jestAdapter (D:\end-iter1\pharmaceutical-distribution-warehouse\client\node_modules\jest-circus\build\legacy-code-todo-rewrite\jestAdapter.js:79:19)
    at runTestInternal (D:\end-iter1\pharmaceutical-distribution-warehouse\client\node_modules\jest-runner\build\runTest.js:367:16)
    at runTest (D:\end-iter1\pharmaceutical-distribution-warehouse\client\node_modules\jest-runner\build\runTest.js:444:34)</failure>
    </testcase>
    <testcase classname="AuthLogin shows error alert when login fails" name="AuthLogin shows error alert when login fails" time="0.051">
      <failure>TestingLibraryElementError: Found a label with the text of: /email/i, however no form control was found associated to that label. Make sure you&apos;re using the &quot;for&quot; attribute or &quot;aria-labelledby&quot; attribute correctly.

Ignored nodes: comments, script, style
&lt;body&gt;
  &lt;div&gt;
    &lt;form
      autocomplete=&quot;off&quot;
    &gt;
      &lt;div
        class=&quot;MuiGrid-root MuiGrid-container MuiGrid-direction-xs-row css-126w6e3-MuiGrid-root&quot;
      &gt;
        &lt;div
          class=&quot;MuiGrid-root MuiGrid-direction-xs-row MuiGrid-grid-xs-12 css-yqiqnf-MuiGrid-root&quot;
        &gt;
          &lt;label
            class=&quot;MuiFormLabel-root MuiInputLabel-root MuiInputLabel-animated MuiFormLabel-colorPrimary MuiInputLabel-root MuiInputLabel-animated css-1tkmop-MuiFormLabel-root-MuiInputLabel-root&quot;
          &gt;
            Email
          &lt;/label&gt;
          &lt;div
            class=&quot;MuiInputBase-root MuiOutlinedInput-root MuiInputBase-colorPrimary MuiInputBase-fullWidth css-1blp12k-MuiInputBase-root-MuiOutlinedInput-root&quot;
          &gt;
            &lt;input
              aria-invalid=&quot;false&quot;
              class=&quot;MuiInputBase-input MuiOutlinedInput-input css-16wblaj-MuiInputBase-input-MuiOutlinedInput-input&quot;
              name=&quot;email&quot;
              placeholder=&quot;example@saasable.io&quot;
              type=&quot;text&quot;
            /&gt;
            &lt;fieldset
              aria-hidden=&quot;true&quot;
              class=&quot;MuiOutlinedInput-notchedOutline css-1ll44ll-MuiOutlinedInput-notchedOutline&quot;
            &gt;
              &lt;legend
                class=&quot;css-w4cd9x&quot;
              &gt;
                &lt;span
                  aria-hidden=&quot;true&quot;
                  class=&quot;notranslate&quot;
                &gt;
                  ​
                &lt;/span&gt;
              &lt;/legend&gt;
            &lt;/fieldset&gt;
          &lt;/div&gt;
        &lt;/div&gt;
        &lt;div
          class=&quot;MuiGrid-root MuiGrid-direction-xs-row MuiGrid-grid-xs-12 css-yqiqnf-MuiGrid-root&quot;
        &gt;
          &lt;label
            class=&quot;MuiFormLabel-root MuiInputLabel-root MuiInputLabel-animated MuiFormLabel-colorPrimary MuiInputLabel-root MuiInputLabel-animated css-1tkmop-MuiFormLabel-root-MuiInputLabel-root&quot;
          &gt;
            Password
          &lt;/label&gt;
          &lt;div
            class=&quot;MuiInputBase-root MuiOutlinedInput-root MuiInputBase-colorPrimary MuiInputBase-fullWidth MuiInputBase-adornedEnd css-1n04w30-MuiInputBase-root-MuiOutlinedInput-root&quot;
          &gt;
            &lt;input
              aria-invalid=&quot;false&quot;
              class=&quot;MuiInputBase-input MuiOutlinedInput-input MuiInputBase-inputAdornedEnd css-1dune0f-MuiInputBase-input-MuiOutlinedInput-input&quot;
              name=&quot;password&quot;
              placeholder=&quot;Enter password&quot;
              type=&quot;password&quot;
            /&gt;
            &lt;div
              class=&quot;MuiInputAdornment-root MuiInputAdornment-positionEnd css-1sat79r-MuiInputAdornment-root&quot;
            &gt;
              &lt;svg
                class=&quot;tabler-icon tabler-icon-eye-off &quot;
                fill=&quot;none&quot;
                height=&quot;16&quot;
                stroke=&quot;#616161&quot;
                stroke-linecap=&quot;round&quot;
                stroke-linejoin=&quot;round&quot;
                stroke-width=&quot;2&quot;
                viewBox=&quot;0 0 24 24&quot;
                width=&quot;16&quot;
                xmlns=&quot;http://www.w3.org/2000/svg&quot;
              &gt;
                &lt;path
                  d=&quot;M10.585 10.587a2 2 0 0 0 2.829 2.828&quot;
                /&gt;
                &lt;path
                  d=&quot;M16.681 16.673a8.717 8.717 0 0 1 -4.681 1.327c-3.6 0 -6.6 -2 -9 -6c1.272 -2.12 2.712 -3.678 4.32 -4.674m2.86 -1.146a9.055 9.055 0 0 1 1.82 -.18c3.6 0 6.6 2 9 6c-.666 1.11 -1.379 2.067 -2.138 2.87&quot;
                /&gt;
                &lt;path
                  d=&quot;M3 3l18 18&quot;
                /&gt;
              &lt;/svg&gt;
            &lt;/div&gt;
            &lt;fieldset
              aria-hidden=&quot;true&quot;
              class=&quot;MuiOutlinedInput-notchedOutline css-1ll44ll-MuiOutlinedInput-notchedOutline&quot;
            &gt;
              &lt;legend
                class=&quot;css-w4cd9x&quot;
              &gt;
                &lt;span
                  aria-hidden=&quot;true&quot;
                  class=&quot;notranslate&quot;
                &gt;
                  ​
                &lt;/span&gt;
              &lt;/legend&gt;
            &lt;/fieldset&gt;
          &lt;/div&gt;
        &lt;/div&gt;
      &lt;/div&gt;
      &lt;div
        class=&quot;MuiGrid-root MuiGrid-container MuiGrid-direction-xs-row css-plcjlh-MuiGrid-root&quot;
      &gt;
        &lt;div
          class=&quot;MuiGrid-root MuiGrid-direction-xs-row MuiGrid-grid-xs-12 css-yqiqnf-MuiGrid-root&quot;
        &gt;
          &lt;button
            class=&quot;MuiButtonBase-root MuiButton-root MuiButton-contained MuiButton-containedPrimary MuiButton-sizeMedium MuiButton-containedSizeMedium MuiButton-colorPrimary MuiButton-root MuiButton-contained MuiButton-containedPrimary MuiButton-sizeMedium MuiButton-containedSizeMedium MuiButton-colorPrimary css-1623cn5-MuiButtonBase-root-MuiButton-root&quot;
            tabindex=&quot;0&quot;
            type=&quot;submit&quot;
          &gt;
            Login
          &lt;/button&gt;
        &lt;/div&gt;
      &lt;/div&gt;
    &lt;/form&gt;
  &lt;/div&gt;
&lt;/body&gt;
    at Object.getElementError (D:\end-iter1\pharmaceutical-distribution-warehouse\client\node_modules\@testing-library\dom\dist\config.js:37:19)
    at getAllByLabelText (D:\end-iter1\pharmaceutical-distribution-warehouse\client\node_modules\@testing-library\dom\dist\queries\label-text.js:108:40)
    at D:\end-iter1\pharmaceutical-distribution-warehouse\client\node_modules\@testing-library\dom\dist\query-helpers.js:52:17
    at D:\end-iter1\pharmaceutical-distribution-warehouse\client\node_modules\@testing-library\dom\dist\query-helpers.js:95:19
    at getByLabelText (D:\end-iter1\pharmaceutical-distribution-warehouse\client\src\sections\auth\AuthLogin.test.js:69:33)
    at Generator.call (D:\end-iter1\pharmaceutical-distribution-warehouse\client\src\sections\auth\AuthLogin.test.js:2:1)
    at Generator._invoke [as next] (D:\end-iter1\pharmaceutical-distribution-warehouse\client\src\sections\auth\AuthLogin.test.js:2:1)
    at asyncGeneratorStep (D:\end-iter1\pharmaceutical-distribution-warehouse\client\src\sections\auth\AuthLogin.test.js:2:1)
    at asyncGeneratorStep (D:\end-iter1\pharmaceutical-distribution-warehouse\client\src\sections\auth\AuthLogin.test.js:2:1)
    at _next (D:\end-iter1\pharmaceutical-distribution-warehouse\client\src\sections\auth\AuthLogin.test.js:2:1)
    at new Promise (&lt;anonymous&gt;)
    at Object.&lt;anonymous&gt; (D:\end-iter1\pharmaceutical-distribution-warehouse\client\src\sections\auth\AuthLogin.test.js:2:1)
    at Promise.then.completed (D:\end-iter1\pharmaceutical-distribution-warehouse\client\node_modules\jest-circus\build\utils.js:298:28)
    at new Promise (&lt;anonymous&gt;)
    at callAsyncCircusFn (D:\end-iter1\pharmaceutical-distribution-warehouse\client\node_modules\jest-circus\build\utils.js:231:10)
    at _callCircusTest (D:\end-iter1\pharmaceutical-distribution-warehouse\client\node_modules\jest-circus\build\run.js:316:40)
    at _runTest (D:\end-iter1\pharmaceutical-distribution-warehouse\client\node_modules\jest-circus\build\run.js:252:3)
    at _runTestsForDescribeBlock (D:\end-iter1\pharmaceutical-distribution-warehouse\client\node_modules\jest-circus\build\run.js:126:9)
    at _runTestsForDescribeBlock (D:\end-iter1\pharmaceutical-distribution-warehouse\client\node_modules\jest-circus\build\run.js:121:9)
    at run (D:\end-iter1\pharmaceutical-distribution-warehouse\client\node_modules\jest-circus\build\run.js:71:3)
    at runAndTransformResultsToJestFormat (D:\end-iter1\pharmaceutical-distribution-warehouse\client\node_modules\jest-circus\build\legacy-code-todo-rewrite\jestAdapterInit.js:122:21)
    at jestAdapter (D:\end-iter1\pharmaceutical-distribution-warehouse\client\node_modules\jest-circus\build\legacy-code-todo-rewrite\jestAdapter.js:79:19)
    at runTestInternal (D:\end-iter1\pharmaceutical-distribution-warehouse\client\node_modules\jest-runner\build\runTest.js:367:16)
    at runTest (D:\end-iter1\pharmaceutical-distribution-warehouse\client\node_modules\jest-runner\build\runTest.js:444:34)</failure>
    </testcase>
  </testsuite>
</testsuites>